(?<host>\S*) (?<clock>{.*})\n(?<event>.*)

b1 {"b1":1}
Initialization Complete
b1 {"b1":2}
Making RPC call
b1 {"b1":3, "m3":9, "m1":25, "m2":15}
Received RPC Call response from server
m1 {"m1":1}
Initialization Complete
m1 {"m1":2, "m2":2}
Received RPC request
m1 {"m1":3, "m2":2}
Sending response to RPC request
m1 {"m1":4, "m2":2, "m3":2}
Received RPC request
m1 {"m1":5, "m2":2, "m3":2}
Making RPC call
m1 {"m2":5, "m3":2, "m1":6}
Received RPC Call response from server
m1 {"m1":7, "m2":5, "m3":2}
Making RPC call
m1 {"m3":2, "m1":8, "m2":7}
Received RPC Call response from server
m1 {"m1":9, "m2":7, "m3":2}
Making RPC call
m1 {"m3":2, "m1":10, "m2":9}
Received RPC Call response from server
m1 {"m1":11, "m2":9, "m3":2}
Sending response to RPC request
m1 {"m3":2, "b1":2, "m1":12, "m2":9}
Received RPC request
m1 {"b1":2, "m1":13, "m2":9, "m3":2}
Making RPC call
m1 {"m1":14, "m2":9, "m3":2, "b1":2}
Making RPC call
m1 {"m3":2, "b1":2, "m1":15, "m2":11}
Received RPC Call response from server
m1 {"m1":16, "m2":11, "m3":5, "b1":2}
Received RPC Call response from server
m1 {"m1":17, "m2":11, "m3":5, "b1":2}
Making RPC call
m1 {"m2":11, "m3":5, "b1":2, "m1":18}
Making RPC call
m1 {"b1":2, "m1":19, "m2":13, "m3":5}
Received RPC Call response from server
m1 {"m3":7, "b1":2, "m1":20, "m2":13}
Received RPC Call response from server
m1 {"m1":21, "m2":13, "m3":7, "b1":2}
Making RPC call
m1 {"b1":2, "m1":22, "m2":13, "m3":7}
Making RPC call
m1 {"m1":23, "m2":13, "m3":9, "b1":2}
Received RPC Call response from server
m1 {"m3":9, "b1":2, "m1":24, "m2":15}
Received RPC Call response from server
m1 {"m1":25, "m2":15, "m3":9, "b1":2}
Sending response to RPC request
m2 {"m2":1}
Initialization Complete
m2 {"m2":2}
Making RPC call
m2 {"m2":3, "m1":3}
Received RPC Call response from server
m2 {"m1":5, "m3":2, "m2":4}
Received RPC request
m2 {"m2":5, "m1":5, "m3":2}
Sending response to RPC request
m2 {"m1":7, "m3":2, "m2":6}
Received RPC request
m2 {"m2":7, "m1":7, "m3":2}
Sending response to RPC request
m2 {"m1":9, "m3":2, "m2":8}
Received RPC request
m2 {"m2":9, "m1":9, "m3":2}
Sending response to RPC request
m2 {"m1":14, "m3":2, "b1":2, "m2":10}
Received RPC request
m2 {"m2":11, "m1":14, "m3":2, "b1":2}
Sending response to RPC request
m2 {"m2":12, "m1":18, "m3":5, "b1":2}
Received RPC request
m2 {"m1":18, "m3":5, "b1":2, "m2":13}
Sending response to RPC request
m2 {"m1":22, "m3":7, "b1":2, "m2":14}
Received RPC request
m2 {"m3":7, "b1":2, "m2":15, "m1":22}
Sending response to RPC request
m3 {"m3":1}
Initialization Complete
m3 {"m3":2}
Making RPC call
m3 {"m3":3, "m1":11, "m2":9}
Received RPC Call response from server
m3 {"m3":4, "m1":13, "m2":9, "b1":2}
Received RPC request
m3 {"b1":2, "m3":5, "m1":13, "m2":9}
Sending response to RPC request
m3 {"m2":11, "b1":2, "m3":6, "m1":17}
Received RPC request
m3 {"m3":7, "m1":17, "m2":11, "b1":2}
Sending response to RPC request
m3 {"b1":2, "m3":8, "m1":21, "m2":13}
Received RPC request
m3 {"m3":9, "m1":21, "m2":13, "b1":2}
Sending response to RPC request
